<?xml version="1.0" encoding="UTF-8"?>
<!-- Generated by org.testng.reporters.JUnitXMLReporter -->
<testsuite hostname="Sumiths-MBP-2.attlocal.net" ignored="6" name="Test" tests="5" failures="1" timestamp="09 Mar 2022 15:56:05 GMT" time="18.884" errors="0">
  <testcase name="blue" time="0.007" classname="com.Framework.DependsOnMehodsTest"/>
  <testcase name="pink" time="0.0" classname="com.Framework.DependsOnMehodsTest"/>
  <testcase name="red" time="0.0" classname="com.Framework.DependsOnMehodsTest"/>
  <testcase name="alertHandling" time="18.851" classname="com.Framework.AlertTest">
    <failure type="org.openqa.selenium.WebDriverException" message="chrome not reachable
  (Session info: chrome=99.0.4844.51)
Build info: version: &amp;apos;3.141.59&amp;apos;, revision: &amp;apos;e82be7d358&amp;apos;, time: &amp;apos;2018-11-14T08:17:03&amp;apos;
System info: host: &amp;apos;Sumiths-MBP-2.attlocal.net&amp;apos;, ip: &amp;apos;2600:1700:a000:16a0:0:0:0:42%en0&amp;apos;, os.name: &amp;apos;Mac OS X&amp;apos;, os.arch: &amp;apos;x86_64&amp;apos;, os.version: &amp;apos;10.16&amp;apos;, java.version: &amp;apos;1.8.0_171&amp;apos;
Driver info: org.openqa.selenium.chrome.ChromeDriver
Capabilities {acceptInsecureCerts: false, browserName: chrome, browserVersion: 99.0.4844.51, chrome: {chromedriverVersion: 98.0.4758.102 (273bf7ac8c90..., userDataDir: /var/folders/t8/d0ppgv212yn...}, goog:chromeOptions: {debuggerAddress: localhost:55692}, javascriptEnabled: true, networkConnectionEnabled: false, pageLoadStrategy: normal, platform: MAC, platformName: MAC, proxy: Proxy(), setWindowRect: true, strictFileInteractability: false, timeouts: {implicit: 0, pageLoad: 300000, script: 30000}, unhandledPromptBehavior: dismiss and notify, webauthn:extension:credBlob: true, webauthn:extension:largeBlob: true, webauthn:virtualAuthenticators: true}
Session ID: 7ca684ce757dadec9cf2381222919ae9">
      <![CDATA[org.openqa.selenium.WebDriverException: chrome not reachable
  (Session info: chrome=99.0.4844.51)
Build info: version: '3.141.59', revision: 'e82be7d358', time: '2018-11-14T08:17:03'
System info: host: 'Sumiths-MBP-2.attlocal.net', ip: '2600:1700:a000:16a0:0:0:0:42%en0', os.name: 'Mac OS X', os.arch: 'x86_64', os.version: '10.16', java.version: '1.8.0_171'
Driver info: org.openqa.selenium.chrome.ChromeDriver
Capabilities {acceptInsecureCerts: false, browserName: chrome, browserVersion: 99.0.4844.51, chrome: {chromedriverVersion: 98.0.4758.102 (273bf7ac8c90..., userDataDir: /var/folders/t8/d0ppgv212yn...}, goog:chromeOptions: {debuggerAddress: localhost:55692}, javascriptEnabled: true, networkConnectionEnabled: false, pageLoadStrategy: normal, platform: MAC, platformName: MAC, proxy: Proxy(), setWindowRect: true, strictFileInteractability: false, timeouts: {implicit: 0, pageLoad: 300000, script: 30000}, unhandledPromptBehavior: dismiss and notify, webauthn:extension:credBlob: true, webauthn:extension:largeBlob: true, webauthn:virtualAuthenticators: true}
Session ID: 7ca684ce757dadec9cf2381222919ae9
at org.openqa.selenium.remote.http.W3CHttpResponseCodec.createException(W3CHttpResponseCodec.java:187)
at org.openqa.selenium.remote.http.W3CHttpResponseCodec.decode(W3CHttpResponseCodec.java:122)
at org.openqa.selenium.remote.http.W3CHttpResponseCodec.decode(W3CHttpResponseCodec.java:49)
at org.openqa.selenium.remote.HttpCommandExecutor.execute(HttpCommandExecutor.java:158)
at org.openqa.selenium.remote.service.DriverCommandExecutor.execute(DriverCommandExecutor.java:83)
at org.openqa.selenium.remote.RemoteWebDriver.execute(RemoteWebDriver.java:552)
at org.openqa.selenium.remote.RemoteWebDriver$RemoteAlert.sendKeys(RemoteWebDriver.java:963)
at com.Framework.AlertTest.alertHandling(AlertTest.java:30)
at java.util.concurrent.ThreadPoolExecutor.runWorker(ThreadPoolExecutor.java:1149)
at java.util.concurrent.ThreadPoolExecutor$Worker.run(ThreadPoolExecutor.java:624)
at java.lang.Thread.run(Thread.java:748)
... Removed 14 stack frames]]>
    </failure>
  </testcase> <!-- alertHandling -->
  <testcase name="red" time="0.0" classname="com.Framework.PriorityAttributeTest"/>
  <testcase name="orangeHrLink" time="0.0" classname="com.Framework.HRMTest">
    <ignored/>
  </testcase> <!-- orangeHrLink -->
  <testcase name="radioButtonHandling" time="0.0" classname="com.Framework.RadioButtonTest">
    <ignored/>
  </testcase> <!-- radioButtonHandling -->
  <testcase name="blue" time="0.0" classname="com.Framework.PriorityAttributeTest">
    <ignored/>
  </testcase> <!-- blue -->
  <testcase name="pink" time="0.0" classname="com.Framework.PriorityAttributeTest">
    <ignored/>
  </testcase> <!-- pink -->
  <testcase name="GoogleLink" time="0.0" classname="com.Framework.GoogleTest">
    <ignored/>
  </testcase> <!-- GoogleLink -->
  <testcase name="GoogleLink" time="0.0" classname="com.Framework.GoogleTest">
    <ignored/>
  </testcase> <!-- GoogleLink -->
</testsuite> <!-- Test -->
